[Tue Jul 25 16:55:43 BRT 2023 BEGIN]
[Script]
CalcBasicStats
[CommandLine]
executing vdjtools-1.2.1.jar CalcBasicStats -m metadataVdjTools.txt ../../../input_vdjtools_vdjformat
[Message]
java.lang.ArrayIndexOutOfBoundsException: Index 1 out of bounds for length 1
[StackTrace-Short]
com.antigenomics.vdjtools.sample.SampleCollection$_closure2.doCall(SampleCollection.groovy:209)
com.antigenomics.vdjtools.sample.SampleCollection.<init>(SampleCollection.groovy:189)
com.antigenomics.vdjtools.sample.SampleCollection.<init>(SampleCollection.groovy)
com.antigenomics.vdjtools.basic.CalcBasicStats.run(CalcBasicStats.groovy:84)
com.antigenomics.vdjtools.basic.CalcBasicStats$run.call(Unknown Source)
com.antigenomics.vdjtools.misc.ExecUtil.run(ExecUtil.groovy:94)
com.antigenomics.vdjtools.misc.ExecUtil$run.call(Unknown Source)
com.antigenomics.vdjtools.VdjTools.run(VdjTools.groovy:226)
com.antigenomics.vdjtools.VdjTools.main(VdjTools.groovy)
[StackTrace-Full]
java.lang.ArrayIndexOutOfBoundsException: Index 1 out of bounds for length 1
	at org.codehaus.groovy.runtime.dgmimpl.arrays.ObjectArrayGetAtMetaMethod.invoke(ObjectArrayGetAtMetaMethod.java:41)
	at groovy.lang.MetaMethod.doMethodInvoke(MetaMethod.java:326)
	at org.codehaus.groovy.runtime.callsite.PojoMetaMethodSite.invoke(PojoMetaMethodSite.java:50)
	at org.codehaus.groovy.runtime.callsite.PojoMetaMethodSite.call(PojoMetaMethodSite.java:55)
	at org.codehaus.groovy.runtime.callsite.CallSiteArray.defaultCall(CallSiteArray.java:47)
	at org.codehaus.groovy.runtime.callsite.AbstractCallSite.call(AbstractCallSite.java:116)
	at org.codehaus.groovy.runtime.callsite.AbstractCallSite.call(AbstractCallSite.java:128)
	at com.antigenomics.vdjtools.sample.SampleCollection$_closure2.doCall(SampleCollection.groovy:209)
	at java.base/jdk.internal.reflect.NativeMethodAccessorImpl.invoke0(Native Method)
	at java.base/jdk.internal.reflect.NativeMethodAccessorImpl.invoke(NativeMethodAccessorImpl.java:62)
	at java.base/jdk.internal.reflect.DelegatingMethodAccessorImpl.invoke(DelegatingMethodAccessorImpl.java:43)
	at java.base/java.lang.reflect.Method.invoke(Method.java:566)
	at org.codehaus.groovy.reflection.CachedMethod.invoke(CachedMethod.java:104)
	at groovy.lang.MetaMethod.doMethodInvoke(MetaMethod.java:326)
	at org.codehaus.groovy.runtime.metaclass.ClosureMetaClass.invokeMethod(ClosureMetaClass.java:264)
	at groovy.lang.MetaClassImpl.invokeMethod(MetaClassImpl.java:1041)
	at groovy.lang.Closure.call(Closure.java:421)
	at groovy.lang.Closure.call(Closure.java:437)
	at org.codehaus.groovy.runtime.IOGroovyMethods.withReader(IOGroovyMethods.java:1167)
	at org.codehaus.groovy.runtime.ResourceGroovyMethods.withReader(ResourceGroovyMethods.java:1808)
	at org.codehaus.groovy.runtime.dgm$1075.invoke(Unknown Source)
	at org.codehaus.groovy.runtime.callsite.PojoMetaMethodSite$PojoMetaMethodSiteNoUnwrapNoCoerce.invoke(PojoMetaMethodSite.java:246)
	at org.codehaus.groovy.runtime.callsite.PojoMetaMethodSite.call(PojoMetaMethodSite.java:55)
	at org.codehaus.groovy.runtime.callsite.CallSiteArray.defaultCall(CallSiteArray.java:47)
	at org.codehaus.groovy.runtime.callsite.AbstractCallSite.call(AbstractCallSite.java:116)
	at org.codehaus.groovy.runtime.callsite.AbstractCallSite.call(AbstractCallSite.java:128)
	at com.antigenomics.vdjtools.sample.SampleCollection.<init>(SampleCollection.groovy:189)
	at com.antigenomics.vdjtools.sample.SampleCollection.<init>(SampleCollection.groovy)
	at java.base/jdk.internal.reflect.NativeConstructorAccessorImpl.newInstance0(Native Method)
	at java.base/jdk.internal.reflect.NativeConstructorAccessorImpl.newInstance(NativeConstructorAccessorImpl.java:62)
	at java.base/jdk.internal.reflect.DelegatingConstructorAccessorImpl.newInstance(DelegatingConstructorAccessorImpl.java:45)
	at java.base/java.lang.reflect.Constructor.newInstance(Constructor.java:490)
	at org.codehaus.groovy.reflection.CachedConstructor.invoke(CachedConstructor.java:83)
	at org.codehaus.groovy.reflection.CachedConstructor.doConstructorInvoke(CachedConstructor.java:77)
	at org.codehaus.groovy.runtime.callsite.ConstructorSite.callConstructor(ConstructorSite.java:45)
	at org.codehaus.groovy.runtime.callsite.CallSiteArray.defaultCallConstructor(CallSiteArray.java:59)
	at org.codehaus.groovy.runtime.callsite.AbstractCallSite.callConstructor(AbstractCallSite.java:238)
	at org.codehaus.groovy.runtime.callsite.AbstractCallSite.callConstructor(AbstractCallSite.java:250)
	at com.antigenomics.vdjtools.basic.CalcBasicStats.run(CalcBasicStats.groovy:84)
	at com.antigenomics.vdjtools.basic.CalcBasicStats$run.call(Unknown Source)
	at org.codehaus.groovy.runtime.callsite.CallSiteArray.defaultCall(CallSiteArray.java:47)
	at org.codehaus.groovy.runtime.callsite.AbstractCallSite.call(AbstractCallSite.java:116)
	at org.codehaus.groovy.runtime.callsite.AbstractCallSite.call(AbstractCallSite.java:120)
	at com.antigenomics.vdjtools.misc.ExecUtil.run(ExecUtil.groovy:94)
	at com.antigenomics.vdjtools.misc.ExecUtil$run.call(Unknown Source)
	at org.codehaus.groovy.runtime.callsite.CallSiteArray.defaultCall(CallSiteArray.java:47)
	at org.codehaus.groovy.runtime.callsite.AbstractCallSite.call(AbstractCallSite.java:116)
	at org.codehaus.groovy.runtime.callsite.AbstractCallSite.call(AbstractCallSite.java:136)
	at com.antigenomics.vdjtools.VdjTools.run(VdjTools.groovy:226)
	at java.base/jdk.internal.reflect.NativeMethodAccessorImpl.invoke0(Native Method)
	at java.base/jdk.internal.reflect.NativeMethodAccessorImpl.invoke(NativeMethodAccessorImpl.java:62)
	at java.base/jdk.internal.reflect.DelegatingMethodAccessorImpl.invoke(DelegatingMethodAccessorImpl.java:43)
	at java.base/java.lang.reflect.Method.invoke(Method.java:566)
	at org.codehaus.groovy.reflection.CachedMethod.invoke(CachedMethod.java:104)
	at groovy.lang.MetaMethod.doMethodInvoke(MetaMethod.java:326)
	at groovy.lang.MetaClassImpl.invokeMethod(MetaClassImpl.java:1235)
	at groovy.lang.MetaClassImpl.invokeMethod(MetaClassImpl.java:1041)
	at org.codehaus.groovy.runtime.InvokerHelper.invokePogoMethod(InvokerHelper.java:1018)
	at org.codehaus.groovy.runtime.InvokerHelper.invokeMethod(InvokerHelper.java:1001)
	at org.codehaus.groovy.runtime.InvokerHelper.runScript(InvokerHelper.java:423)
	at org.codehaus.groovy.runtime.InvokerHelper$runScript.call(Unknown Source)
	at org.codehaus.groovy.runtime.callsite.CallSiteArray.defaultCall(CallSiteArray.java:47)
	at org.codehaus.groovy.runtime.callsite.AbstractCallSite.call(AbstractCallSite.java:116)
	at org.codehaus.groovy.runtime.callsite.AbstractCallSite.call(AbstractCallSite.java:136)
	at com.antigenomics.vdjtools.VdjTools.main(VdjTools.groovy)
[END]
[Tue Jul 25 17:02:19 BRT 2023 BEGIN]
[Script]
CalcBasicStats
[CommandLine]
executing vdjtools-1.2.1.jar CalcBasicStats -m metadataVdjTools.txt ../../../input_vdjtools_vdjformat
[Message]
java.lang.ArrayIndexOutOfBoundsException: Index 1 out of bounds for length 1
[StackTrace-Short]
com.antigenomics.vdjtools.sample.SampleCollection$_closure2.doCall(SampleCollection.groovy:209)
com.antigenomics.vdjtools.sample.SampleCollection.<init>(SampleCollection.groovy:189)
com.antigenomics.vdjtools.sample.SampleCollection.<init>(SampleCollection.groovy)
com.antigenomics.vdjtools.basic.CalcBasicStats.run(CalcBasicStats.groovy:84)
com.antigenomics.vdjtools.basic.CalcBasicStats$run.call(Unknown Source)
com.antigenomics.vdjtools.misc.ExecUtil.run(ExecUtil.groovy:94)
com.antigenomics.vdjtools.misc.ExecUtil$run.call(Unknown Source)
com.antigenomics.vdjtools.VdjTools.run(VdjTools.groovy:226)
com.antigenomics.vdjtools.VdjTools.main(VdjTools.groovy)
[StackTrace-Full]
java.lang.ArrayIndexOutOfBoundsException: Index 1 out of bounds for length 1
	at org.codehaus.groovy.runtime.dgmimpl.arrays.ObjectArrayGetAtMetaMethod.invoke(ObjectArrayGetAtMetaMethod.java:41)
	at groovy.lang.MetaMethod.doMethodInvoke(MetaMethod.java:326)
	at org.codehaus.groovy.runtime.callsite.PojoMetaMethodSite.invoke(PojoMetaMethodSite.java:50)
	at org.codehaus.groovy.runtime.callsite.PojoMetaMethodSite.call(PojoMetaMethodSite.java:55)
	at org.codehaus.groovy.runtime.callsite.CallSiteArray.defaultCall(CallSiteArray.java:47)
	at org.codehaus.groovy.runtime.callsite.AbstractCallSite.call(AbstractCallSite.java:116)
	at org.codehaus.groovy.runtime.callsite.AbstractCallSite.call(AbstractCallSite.java:128)
	at com.antigenomics.vdjtools.sample.SampleCollection$_closure2.doCall(SampleCollection.groovy:209)
	at java.base/jdk.internal.reflect.NativeMethodAccessorImpl.invoke0(Native Method)
	at java.base/jdk.internal.reflect.NativeMethodAccessorImpl.invoke(NativeMethodAccessorImpl.java:62)
	at java.base/jdk.internal.reflect.DelegatingMethodAccessorImpl.invoke(DelegatingMethodAccessorImpl.java:43)
	at java.base/java.lang.reflect.Method.invoke(Method.java:566)
	at org.codehaus.groovy.reflection.CachedMethod.invoke(CachedMethod.java:104)
	at groovy.lang.MetaMethod.doMethodInvoke(MetaMethod.java:326)
	at org.codehaus.groovy.runtime.metaclass.ClosureMetaClass.invokeMethod(ClosureMetaClass.java:264)
	at groovy.lang.MetaClassImpl.invokeMethod(MetaClassImpl.java:1041)
	at groovy.lang.Closure.call(Closure.java:421)
	at groovy.lang.Closure.call(Closure.java:437)
	at org.codehaus.groovy.runtime.IOGroovyMethods.withReader(IOGroovyMethods.java:1167)
	at org.codehaus.groovy.runtime.ResourceGroovyMethods.withReader(ResourceGroovyMethods.java:1808)
	at org.codehaus.groovy.runtime.dgm$1075.invoke(Unknown Source)
	at org.codehaus.groovy.runtime.callsite.PojoMetaMethodSite$PojoMetaMethodSiteNoUnwrapNoCoerce.invoke(PojoMetaMethodSite.java:246)
	at org.codehaus.groovy.runtime.callsite.PojoMetaMethodSite.call(PojoMetaMethodSite.java:55)
	at org.codehaus.groovy.runtime.callsite.CallSiteArray.defaultCall(CallSiteArray.java:47)
	at org.codehaus.groovy.runtime.callsite.AbstractCallSite.call(AbstractCallSite.java:116)
	at org.codehaus.groovy.runtime.callsite.AbstractCallSite.call(AbstractCallSite.java:128)
	at com.antigenomics.vdjtools.sample.SampleCollection.<init>(SampleCollection.groovy:189)
	at com.antigenomics.vdjtools.sample.SampleCollection.<init>(SampleCollection.groovy)
	at java.base/jdk.internal.reflect.NativeConstructorAccessorImpl.newInstance0(Native Method)
	at java.base/jdk.internal.reflect.NativeConstructorAccessorImpl.newInstance(NativeConstructorAccessorImpl.java:62)
	at java.base/jdk.internal.reflect.DelegatingConstructorAccessorImpl.newInstance(DelegatingConstructorAccessorImpl.java:45)
	at java.base/java.lang.reflect.Constructor.newInstance(Constructor.java:490)
	at org.codehaus.groovy.reflection.CachedConstructor.invoke(CachedConstructor.java:83)
	at org.codehaus.groovy.reflection.CachedConstructor.doConstructorInvoke(CachedConstructor.java:77)
	at org.codehaus.groovy.runtime.callsite.ConstructorSite.callConstructor(ConstructorSite.java:45)
	at org.codehaus.groovy.runtime.callsite.CallSiteArray.defaultCallConstructor(CallSiteArray.java:59)
	at org.codehaus.groovy.runtime.callsite.AbstractCallSite.callConstructor(AbstractCallSite.java:238)
	at org.codehaus.groovy.runtime.callsite.AbstractCallSite.callConstructor(AbstractCallSite.java:250)
	at com.antigenomics.vdjtools.basic.CalcBasicStats.run(CalcBasicStats.groovy:84)
	at com.antigenomics.vdjtools.basic.CalcBasicStats$run.call(Unknown Source)
	at org.codehaus.groovy.runtime.callsite.CallSiteArray.defaultCall(CallSiteArray.java:47)
	at org.codehaus.groovy.runtime.callsite.AbstractCallSite.call(AbstractCallSite.java:116)
	at org.codehaus.groovy.runtime.callsite.AbstractCallSite.call(AbstractCallSite.java:120)
	at com.antigenomics.vdjtools.misc.ExecUtil.run(ExecUtil.groovy:94)
	at com.antigenomics.vdjtools.misc.ExecUtil$run.call(Unknown Source)
	at org.codehaus.groovy.runtime.callsite.CallSiteArray.defaultCall(CallSiteArray.java:47)
	at org.codehaus.groovy.runtime.callsite.AbstractCallSite.call(AbstractCallSite.java:116)
	at org.codehaus.groovy.runtime.callsite.AbstractCallSite.call(AbstractCallSite.java:136)
	at com.antigenomics.vdjtools.VdjTools.run(VdjTools.groovy:226)
	at java.base/jdk.internal.reflect.NativeMethodAccessorImpl.invoke0(Native Method)
	at java.base/jdk.internal.reflect.NativeMethodAccessorImpl.invoke(NativeMethodAccessorImpl.java:62)
	at java.base/jdk.internal.reflect.DelegatingMethodAccessorImpl.invoke(DelegatingMethodAccessorImpl.java:43)
	at java.base/java.lang.reflect.Method.invoke(Method.java:566)
	at org.codehaus.groovy.reflection.CachedMethod.invoke(CachedMethod.java:104)
	at groovy.lang.MetaMethod.doMethodInvoke(MetaMethod.java:326)
	at groovy.lang.MetaClassImpl.invokeMethod(MetaClassImpl.java:1235)
	at groovy.lang.MetaClassImpl.invokeMethod(MetaClassImpl.java:1041)
	at org.codehaus.groovy.runtime.InvokerHelper.invokePogoMethod(InvokerHelper.java:1018)
	at org.codehaus.groovy.runtime.InvokerHelper.invokeMethod(InvokerHelper.java:1001)
	at org.codehaus.groovy.runtime.InvokerHelper.runScript(InvokerHelper.java:423)
	at org.codehaus.groovy.runtime.InvokerHelper$runScript.call(Unknown Source)
	at org.codehaus.groovy.runtime.callsite.CallSiteArray.defaultCall(CallSiteArray.java:47)
	at org.codehaus.groovy.runtime.callsite.AbstractCallSite.call(AbstractCallSite.java:116)
	at org.codehaus.groovy.runtime.callsite.AbstractCallSite.call(AbstractCallSite.java:136)
	at com.antigenomics.vdjtools.VdjTools.main(VdjTools.groovy)
[END]
